[debug] [2022-03-19T15:36:54.846Z] ----------------------------------------------------------------------
[debug] [2022-03-19T15:36:54.849Z] Command:       C:\Program Files\nodejs\node.exe C:\Users\artur\AppData\Roaming\npm\node_modules\firebase-tools\lib\bin\firebase.js init
[debug] [2022-03-19T15:36:54.850Z] CLI Version:   10.4.0
[debug] [2022-03-19T15:36:54.850Z] Platform:      win32
[debug] [2022-03-19T15:36:54.850Z] Node Version:  v14.16.1
[debug] [2022-03-19T15:36:54.852Z] Time:          Sat Mar 19 2022 18:36:54 GMT+0300 (Moscow Standard Time)
[debug] [2022-03-19T15:36:54.852Z] ----------------------------------------------------------------------
[debug] 
[debug] [2022-03-19T15:36:54.856Z] >>> [apiv2][query] GET https://firebase-public.firebaseio.com/cli.json [none]
[debug] [2022-03-19T15:36:54.895Z] > command requires scopes: ["email","openid","https://www.googleapis.com/auth/cloudplatformprojects.readonly","https://www.googleapis.com/auth/firebase","https://www.googleapis.com/auth/cloud-platform"]
[debug] [2022-03-19T15:36:54.895Z] > authorizing via signed-in user (artur.kartsan.silva@gmail.com)
[info] 
     ######## #### ########  ######## ########     ###     ######  ########
     ##        ##  ##     ## ##       ##     ##  ##   ##  ##       ##
     ######    ##  ########  ######   ########  #########  ######  ######
     ##        ##  ##    ##  ##       ##     ## ##     ##       ## ##
     ##       #### ##     ## ######## ########  ##     ##  ######  ########

You're about to initialize a Firebase project in this directory:

  C:\Users\artur\Desktop\PROJECTS\annie

[debug] [2022-03-19T15:36:55.659Z] <<< [apiv2][status] GET https://firebase-public.firebaseio.com/cli.json 200
[debug] [2022-03-19T15:36:55.659Z] <<< [apiv2][body] GET https://firebase-public.firebaseio.com/cli.json {"cloudBuildErrorAfter":1594252800000,"cloudBuildWarnAfter":1590019200000,"defaultNode10After":1594252800000,"minVersion":"3.0.5","node8DeploysDisabledAfter":1613390400000,"node8RuntimeDisabledAfter":1615809600000,"node8WarnAfter":1600128000000}
